/nw/dev/perl/ObjStore/ObjStore-1.21% perl be
Package ObjStore-1.21 looks complete.
ostest -s /opt/os/joshua/osperl-08.adb
ossg -I/nw/dist/odi/os/5.0.1/include -I/nw/dev/u/lib/perl5/sun4-solaris/5.00452/CORE -DOSSG=1 -showw -nout neutral-osperl-08 -asdb /opt/os/joshua/osperl-08.adb -assf osperl-08-osschema.c osperl-08-schema.c /opt/os/os/5.0/ldb/liboscol.ldb
CC -DDEBUGGING -O -DOSP_DEBUG -vdelx -pta -I/nw/dist/odi/os/5.0.1/include -DSCHEMADIR="/opt/os/joshua" -I/nw/dev/u/lib/perl5/sun4-solaris/5.00452/CORE -DXS_VERSION="1.21" -KPIC -G -c osperl-08-osschema.c
CC -DDEBUGGING -O -DOSP_DEBUG -vdelx -pta -I/nw/dist/odi/os/5.0.1/include -DSCHEMADIR="/opt/os/joshua" -I/nw/dev/u/lib/perl5/sun4-solaris/5.00452/CORE -DXS_VERSION="1.21" -KPIC -G -c osperl.c
CC -DDEBUGGING -O -DOSP_DEBUG -vdelx -pta -I/nw/dist/odi/os/5.0.1/include -DSCHEMADIR="/opt/os/joshua" -I/nw/dev/u/lib/perl5/sun4-solaris/5.00452/CORE -DXS_VERSION="1.21" -KPIC -G -c txn.c
perl /nw/dev/u/lib/perl5/ExtUtils/xsubpp -C++ -prototypes -typemap /nw/dev/u/lib/perl5/ExtUtils/typemap -nolinenumbers GENERIC.xs >GENERIC.tc
mv GENERIC.tc GENERIC.c
CC -DDEBUGGING -O -DOSP_DEBUG -vdelx -pta -I/nw/dist/odi/os/5.0.1/include -DSCHEMADIR="/opt/os/joshua" -I/nw/dev/u/lib/perl5/sun4-solaris/5.00452/CORE -DXS_VERSION="1.21" -KPIC -G -c GENERIC.c
perl /nw/dev/u/lib/perl5/ExtUtils/xsubpp -C++ -prototypes -typemap /nw/dev/u/lib/perl5/ExtUtils/typemap -nolinenumbers ObjStore.xs >ObjStore.tc
mv ObjStore.tc ObjStore.c
CC -DDEBUGGING -O -DOSP_DEBUG -vdelx -pta -I/nw/dist/odi/os/5.0.1/include -DSCHEMADIR="/opt/os/joshua" -I/nw/dev/u/lib/perl5/sun4-solaris/5.00452/CORE -DXS_VERSION="1.21" -KPIC -G -c ObjStore.c
CC -G -L/usr/local/lib -ztext osperl-08-osschema.o osperl.o txn.o GENERIC.o ObjStore.o -o ./blib/arch/auto/ObjStore/ObjStore.so -R/nw/dist/odi/os/5.0.1/lib -loscol -los -losths -lsocket -lnsl -ldl -lm -lc -lcrypt
chmod 0755 ./blib/arch/auto/ObjStore/ObjStore.so
pod2man ObjStore.pod > ObjStore.3
pod2html ObjStore.pod > ObjStore.html
pod2man Table2.pm > ObjStore::Table2.3
pod2html Table2.pm > Table2.html
pod2man Tutorial.pm > ObjStore::Tutorial.3
pod2html Tutorial.pm > Tutorial.html
cp ospeek ./blib/bin/ospeek
cp osp_copy ./blib/bin/osp_copy
cp posh ./blib/bin/posh
cp ObjStore.html ./blib/lib/ObjStore/ObjStore.html
cp Table2.html ./blib/lib/ObjStore/Table2.html
cp Tutorial.html ./blib/lib/ObjStore/Tutorial.html
cp ObjStore.3 ./blib/man/man3/ObjStore.3
cp ObjStore::Table2.3 ./blib/man/man3/ObjStore::Table2.3
cp ObjStore::Tutorial.3 ./blib/man/man3/ObjStore::Tutorial.3
PERL_DL_NONLAZY=1
perl -I./blib/arch -I./blib/lib -I/nw/dev/u/lib/perl5/sun4-solaris/5.00452 -I/nw/dev/u/lib/perl5 -e ' use Test::Harness qw(&runtests $verbose); $verbose=0; runtests @ARGV; ' t/Abasic.t t/array.t t/avhv.t t/bless.t t/chk_arraybug.t t/cursor.t t/hash.t t/integer.t t/overload.t t/ref.t t/root.t t/segment.t t/set.t t/stargate.t t/table.t t/transact.t t/z_ospeek.t
t/Abasic............ok
t/array.............ok
t/avhv..............ok
t/bless.............ok
t/chk_arraybug......ok
t/cursor............ok
t/hash..............ok
t/integer...........ok
t/overload..........ok
t/ref...............ok
t/root..............ok
t/segment...........ok
t/set...............ok
t/stargate..........ok
t/table.............ok
t/transact..........ok
t/z_ospeek..........ok
All tests successful.
Files=17,  Tests=110, 52 secs (20.07 cusr  4.18 csys = 24.25 cpu)
